-------------------------------------------------------------------------------
Test set: com.test.TestStatsAndFilter
-------------------------------------------------------------------------------
Tests run: 1, Failures: 1, Errors: 0, Skipped: 0, Time elapsed: 0.072 s <<< FAILURE! -- in com.test.TestStatsAndFilter
com.test.TestStatsAndFilter.testStatsReport_Fail_EmptyStore -- Time elapsed: 0.043 s <<< FAILURE!
org.opentest4j.AssertionFailedError: Không có dữ liệu thống kê khi store trống ==> expected: <true> but was: <false>
	at org.junit.jupiter.api.AssertionFailureBuilder.build(AssertionFailureBuilder.java:151)
	at org.junit.jupiter.api.AssertionFailureBuilder.buildAndThrow(AssertionFailureBuilder.java:132)
	at org.junit.jupiter.api.AssertTrue.failNotTrue(AssertTrue.java:63)
	at org.junit.jupiter.api.AssertTrue.assertTrue(AssertTrue.java:36)
	at org.junit.jupiter.api.Assertions.assertTrue(Assertions.java:214)
	at com.test.TestStatsAndFilter.testStatsReport_Fail_EmptyStore(TestStatsAndFilter.java:62)
	at java.base/java.lang.reflect.Method.invoke(Method.java:565)
	at java.base/java.util.ArrayList.forEach(ArrayList.java:1604)
	at java.base/java.util.ArrayList.forEach(ArrayList.java:1604)

